<?xml version="1.0" encoding="UTF-8"?>
<!-- Generated by org.testng.reporters.JUnitReportReporter -->
<testsuite hostname="suwarnas-macbook-air.home" failures="0" tests="1" name="com.inetbanking.testcases.TC_AddCustomerTest_003" time="19.975" errors="0" timestamp="2023-06-21T04:21:43 CEST" skipped="0">
  <testcase classname="com.inetbanking.testcases.TC_AddCustomerTest_003" name="addNewCustomer" time="19.975"/>
</testsuite> <!-- com.inetbanking.testcases.TC_AddCustomerTest_003 -->
